<?xml version="1.0" encoding="UTF-8"?>
<!-- Generated by org.testng.reporters.JUnitReportReporter -->
<testsuite skipped="0" hostname="Udayas-MacBook-Pro.local" name="Test1.TestCase33" tests="3" failures="0" timestamp="25 Mar 2018 04:18:22 GMT" time="25.791" errors="0">
  <testcase name="xyz1" time="8.095" classname="Test1.TestCase33"/>
  <testcase name="LandingPage" time="11.189" classname="Test1.TestCase33"/>
  <testcase name="LandingPage2" time="6.507" classname="Test1.TestCase33"/>
</testsuite> <!-- Test1.TestCase33 -->
