<?xml version="1.0" encoding="UTF-8"?>
<!-- Generated by org.testng.reporters.JUnitReportReporter -->
<testsuite skipped="0" hostname="Udayas-MacBook-Pro.local" name="Test1.TestCase11" tests="2" failures="0" timestamp="25 Mar 2018 04:30:16 GMT" time="20.612" errors="0">
  <testcase name="xyz1" time="7.117" classname="Test1.TestCase11"/>
  <testcase name="LandingPage" time="13.495" classname="Test1.TestCase11"/>
</testsuite> <!-- Test1.TestCase11 -->
