<?xml version="1.0" encoding="UTF-8"?>
<!-- Generated by org.testng.reporters.JUnitReportReporter -->
<testsuite skipped="0" hostname="Udayas-MacBook-Pro.local" name="Test1.TestCase11" tests="2" failures="0" timestamp="25 Mar 2018 03:49:30 GMT" time="19.603" errors="0">
  <testcase name="LandingPage" time="12.754" classname="Test1.TestCase11"/>
  <testcase name="xyz1" time="6.849" classname="Test1.TestCase11"/>
</testsuite> <!-- Test1.TestCase11 -->
