<?xml version="1.0" encoding="UTF-8"?>
<!-- Generated by org.testng.reporters.JUnitReportReporter -->
<testsuite skipped="0" hostname="Udayas-MacBook-Pro.local" name="Test1.TestCase33" tests="3" failures="0" timestamp="25 Mar 2018 04:22:35 GMT" time="39.707" errors="0">
  <testcase name="LandingPage2" time="8.973" classname="Test1.TestCase33"/>
  <testcase name="LandingPage" time="13.370" classname="Test1.TestCase33"/>
  <testcase name="xyz1" time="17.364" classname="Test1.TestCase33"/>
</testsuite> <!-- Test1.TestCase33 -->
